  Assembling program.asm...
program.asm(11): error A2009: syntax error in expression
program.asm(13): error A2006: undefined symbol : arr
program.asm(14): error A2006: undefined symbol : arr
program.asm(16): error A2006: undefined symbol : arr
program.asm(17): error A2031: must be index or base register
program.asm(18): error A2031: must be index or base register
program.asm(19): error A2009: syntax error in expression
program.asm(24): error A2009: syntax error in expression
C:\Program Files\Microsoft Visual Studio\2022\Community\MSBuild\Microsoft\VC\v170\BuildCustomizations\masm.targets(70,5): error MSB3721: The command "ml64.exe /c /nologo /Zi /Fo"x64\Debug\program.obj" /W3 /errorReport:prompt  /Taprogram.asm" exited with code 1.
